0 info it worked if it ends with ok
1 verbose cli [ 'node', '/usr/local/bin/npm', 'install', '-g', 'ionic', 'update' ]
2 info using npm@2.5.1
3 info using node@v0.12.0
4 silly cache add args [ 'ionic', null ]
5 verbose cache add spec ionic
6 silly cache add args [ 'update', null ]
7 verbose cache add spec update
8 silly cache add parsed spec { raw: 'ionic',
8 silly cache add   scope: null,
8 silly cache add   name: 'ionic',
8 silly cache add   rawSpec: '',
8 silly cache add   spec: '*',
8 silly cache add   type: 'range' }
9 verbose addNamed ionic@*
10 silly addNamed semver.valid null
11 silly addNamed semver.validRange *
12 silly addNameRange { name: 'ionic', range: '*', hasData: false }
13 silly mapToRegistry name ionic
14 silly mapToRegistry using default registry
15 silly mapToRegistry registry https://registry.npmjs.org/
16 silly mapToRegistry uri https://registry.npmjs.org/ionic
17 verbose addNameRange registry:https://registry.npmjs.org/ionic not in flight; fetching
18 silly cache add parsed spec { raw: 'update',
18 silly cache add   scope: null,
18 silly cache add   name: 'update',
18 silly cache add   rawSpec: '',
18 silly cache add   spec: '*',
18 silly cache add   type: 'range' }
19 verbose addNamed update@*
20 silly addNamed semver.valid null
21 silly addNamed semver.validRange *
22 silly addNameRange { name: 'update', range: '*', hasData: false }
23 silly mapToRegistry name update
24 silly mapToRegistry using default registry
25 silly mapToRegistry registry https://registry.npmjs.org/
26 silly mapToRegistry uri https://registry.npmjs.org/update
27 verbose addNameRange registry:https://registry.npmjs.org/update not in flight; fetching
28 verbose request uri https://registry.npmjs.org/ionic
29 verbose request no auth needed
30 info attempt registry request try #1 at 9:26:12 PM
31 verbose request id 6832331ca393d5a0
32 verbose etag "6DBRTHDHZ3X4S1ZO6WZGLVU9Y"
33 http request GET https://registry.npmjs.org/ionic
34 verbose request uri https://registry.npmjs.org/update
35 verbose request no auth needed
36 info attempt registry request try #1 at 9:26:13 PM
37 verbose etag "BB10JNKVVA3IUZFWCHVP76LVW"
38 http request GET https://registry.npmjs.org/update
39 http 200 https://registry.npmjs.org/update
40 silly get cb [ 200,
40 silly get   { date: 'Fri, 20 Mar 2015 14:26:15 GMT',
40 silly get     server: 'CouchDB/1.5.0 (Erlang OTP/R16B03)',
40 silly get     etag: '"ER3YCBSSO6WNIISMJXJIKILSC"',
40 silly get     'content-type': 'application/json',
40 silly get     'cache-control': 'max-age=60',
40 silly get     'content-length': '18009',
40 silly get     'accept-ranges': 'bytes',
40 silly get     via: '1.1 varnish',
40 silly get     age: '0',
40 silly get     'x-served-by': 'cache-sn87-SIN',
40 silly get     'x-cache': 'MISS',
40 silly get     'x-cache-hits': '0',
40 silly get     'x-timer': 'S1426861574.584773,VS0,VE483',
40 silly get     vary: 'Accept',
40 silly get     'keep-alive': 'timeout=10, max=50',
40 silly get     connection: 'Keep-Alive' } ]
41 verbose get saving update to /Users/Juliano/.npm/registry.npmjs.org/update/.cache.json
42 silly addNameRange number 2 { name: 'update', range: '*', hasData: true }
43 silly addNameRange versions [ 'update',
43 silly addNameRange   [ '0.1.0',
43 silly addNameRange     '0.2.0',
43 silly addNameRange     '0.3.0-beta',
43 silly addNameRange     '0.3.1-beta',
43 silly addNameRange     '0.3.2-beta',
43 silly addNameRange     '0.3.3-beta',
43 silly addNameRange     '0.3.3',
43 silly addNameRange     '0.3.5',
43 silly addNameRange     '0.3.6' ] ]
44 verbose addNamed update@0.3.6
45 silly addNamed semver.valid 0.3.6
46 silly addNamed semver.validRange 0.3.6
47 silly cache afterAdd update@0.3.6
48 verbose afterAdd /Users/Juliano/.npm/update/0.3.6/package/package.json not in flight; writing
49 verbose afterAdd /Users/Juliano/.npm/update/0.3.6/package/package.json written
50 http 200 https://registry.npmjs.org/ionic
51 silly get cb [ 200,
51 silly get   { date: 'Fri, 20 Mar 2015 14:26:14 GMT',
51 silly get     server: 'CouchDB/1.5.0 (Erlang OTP/R16B03)',
51 silly get     etag: '"AHBGDR91YKMJIPS5U1WYAJKOT"',
51 silly get     'content-type': 'application/json',
51 silly get     'cache-control': 'max-age=60',
51 silly get     'content-length': '256067',
51 silly get     'accept-ranges': 'bytes',
51 silly get     via: '1.1 varnish',
51 silly get     age: '23',
51 silly get     'x-served-by': 'cache-sn89-SIN',
51 silly get     'x-cache': 'HIT',
51 silly get     'x-cache-hits': '3',
51 silly get     'x-timer': 'S1426861574.596054,VS0,VE0',
51 silly get     vary: 'Accept',
51 silly get     'keep-alive': 'timeout=10, max=50',
51 silly get     connection: 'Keep-Alive' } ]
52 verbose get saving ionic to /Users/Juliano/.npm/registry.npmjs.org/ionic/.cache.json
53 silly addNameRange number 2 { name: 'ionic', range: '*', hasData: true }
54 silly addNameRange versions [ 'ionic',
54 silly addNameRange   [ '0.9.6',
54 silly addNameRange     '0.9.8',
54 silly addNameRange     '0.9.9',
54 silly addNameRange     '0.9.10',
54 silly addNameRange     '0.9.11',
54 silly addNameRange     '0.9.12',
54 silly addNameRange     '0.9.13',
54 silly addNameRange     '0.9.14',
54 silly addNameRange     '0.9.15',
54 silly addNameRange     '0.9.16',
54 silly addNameRange     '1.0.0-beta.1',
54 silly addNameRange     '1.0.0-beta',
54 silly addNameRange     '1.0.1-beta',
54 silly addNameRange     '1.0.3-beta',
54 silly addNameRange     '1.0.4',
54 silly addNameRange     '1.0.5',
54 silly addNameRange     '1.0.6',
54 silly addNameRange     '1.0.7',
54 silly addNameRange     '1.0.8',
54 silly addNameRange     '1.0.9',
54 silly addNameRange     '1.0.10',
54 silly addNameRange     '1.0.11',
54 silly addNameRange     '1.0.12',
54 silly addNameRange     '1.0.13',
54 silly addNameRange     '1.0.14',
54 silly addNameRange     '1.0.15',
54 silly addNameRange     '1.0.16',
54 silly addNameRange     '1.0.17',
54 silly addNameRange     '1.1.0-beta1',
54 silly addNameRange     '1.1.0-beta2',
54 silly addNameRange     '1.1.0-beta3',
54 silly addNameRange     '1.1.0-beta4',
54 silly addNameRange     '1.1.0-beta5',
54 silly addNameRange     '1.1.0-beta6',
54 silly addNameRange     '1.1.0',
54 silly addNameRange     '1.1.1-beta1',
54 silly addNameRange     '1.1.1-beta2',
54 silly addNameRange     '1.1.1-beta3',
54 silly addNameRange     '1.1.1',
54 silly addNameRange     '1.1.3',
54 silly addNameRange     '1.1.4',
54 silly addNameRange     '1.1.5-beta1',
54 silly addNameRange     '1.1.5-beta2',
54 silly addNameRange     '1.1.5-beta3',
54 silly addNameRange     '1.1.5-beta4',
54 silly addNameRange     '1.1.5-beta5',
54 silly addNameRange     '1.1.5',
54 silly addNameRange     '1.1.6',
54 silly addNameRange     '1.1.7-beta1',
54 silly addNameRange     '1.1.7',
54 silly addNameRange     '1.1.8-beta1',
54 silly addNameRange     '1.1.8-beta2',
54 silly addNameRange     '1.1.8-beta3',
54 silly addNameRange     '1.1.8-beta4',
54 silly addNameRange     '1.1.8-beta5',
54 silly addNameRange     '1.1.8',
54 silly addNameRange     '1.1.9-beta1',
54 silly addNameRange     '1.1.9',
54 silly addNameRange     '1.1.10',
54 silly addNameRange     '1.1.11-beta1',
54 silly addNameRange     '1.1.11-beta2',
54 silly addNameRange     '1.1.11',
54 silly addNameRange     '1.1.12-beta1',
54 silly addNameRange     '1.1.12-beta2',
54 silly addNameRange     '1.1.12-beta3',
54 silly addNameRange     '1.1.12',
54 silly addNameRange     '1.1.13',
54 silly addNameRange     '1.1.14-beta1',
54 silly addNameRange     '1.1.14-beta2',
54 silly addNameRange     '1.1.14-beta3',
54 silly addNameRange     '1.2.0-beta1',
54 silly addNameRange     '1.2.0',
54 silly addNameRange     '1.2.1-beta1',
54 silly addNameRange     '1.2.1-beta2',
54 silly addNameRange     '1.2.1-beta3',
54 silly addNameRange     '1.2.1-beta4',
54 silly addNameRange     '1.2.1',
54 silly addNameRange     '1.2.2',
54 silly addNameRange     '1.2.3-beta1',
54 silly addNameRange     '1.2.3-beta2',
54 silly addNameRange     '1.2.3-beta3',
54 silly addNameRange     '1.2.3',
54 silly addNameRange     '1.2.4-beta1',
54 silly addNameRange     '1.2.4-beta2',
54 silly addNameRange     '1.2.4-beta3',
54 silly addNameRange     '1.2.4',
54 silly addNameRange     '1.2.5-beta1',
54 silly addNameRange     '1.2.5-beta2',
54 silly addNameRange     '1.2.5-beta3',
54 silly addNameRange     '1.2.5',
54 silly addNameRange     '1.2.6-beta1',
54 silly addNameRange     '1.2.6-beta2',
54 silly addNameRange     '1.2.6-beta3',
54 silly addNameRange     '1.2.6',
54 silly addNameRange     '1.2.7',
54 silly addNameRange     '1.2.8-beta1',
54 silly addNameRange     '1.2.8-beta2',
54 silly addNameRange     '1.2.8',
54 silly addNameRange     '1.2.9',
54 silly addNameRange     '1.2.10',
54 silly addNameRange     '1.2.11',
54 silly addNameRange     '1.2.12',
54 silly addNameRange     '1.2.13',
54 silly addNameRange     '1.2.14-beta1',
54 silly addNameRange     '1.2.14-beta2',
54 silly addNameRange     '1.2.14-beta3',
54 silly addNameRange     '1.2.14-beta4',
54 silly addNameRange     '1.2.14-beta5',
54 silly addNameRange     '1.2.14-beta6',
54 silly addNameRange     '1.2.14',
54 silly addNameRange     '1.3.0-beta1',
54 silly addNameRange     '1.3.0',
54 silly addNameRange     '1.3.1',
54 silly addNameRange     '1.3.2',
54 silly addNameRange     '1.3.3',
54 silly addNameRange     '1.3.4',
54 silly addNameRange     '1.3.5',
54 silly addNameRange     '1.3.6',
54 silly addNameRange     '1.3.7',
54 silly addNameRange     '1.3.8',
54 silly addNameRange     '1.3.9',
54 silly addNameRange     '1.3.10',
54 silly addNameRange     '1.4.0-alpha.1',
54 silly addNameRange     '1.3.11',
54 silly addNameRange     '1.3.1-1.alpha.0',
54 silly addNameRange     '1.4.0-alpha.2',
54 silly addNameRange     '1.3.12',
54 silly addNameRange     '1.3.12-beta.1',
54 silly addNameRange     '1.3.12-beta.2',
54 silly addNameRange     '1.3.13-beta.0',
54 silly addNameRange     '1.3.1-3.beta.1',
54 silly addNameRange     '1.3.1-3.beta.2',
54 silly addNameRange     '1.3.13',
54 silly addNameRange     '1.3.1-3.beta.4',
54 silly addNameRange     '1.3.14-beta',
54 silly addNameRange     '1.3.14-beta.1',
54 silly addNameRange     '1.4.0-alpha.3',
54 silly addNameRange     '1.3.14',
54 silly addNameRange     '1.4.0-alpha.4',
54 silly addNameRange     '1.4.0-alpha.5',
54 silly addNameRange     '1.3.15-beta.0',
54 silly addNameRange     '1.3.15-beta.1',
54 silly addNameRange     '1.3.15-beta.2',
54 silly addNameRange     '1.3.15-beta.3',
54 silly addNameRange     '1.3.15-beta.4',
54 silly addNameRange     '1.3.15',
54 silly addNameRange     '1.3.16',
54 silly addNameRange     '1.4.0-alpha.6' ] ]
55 verbose addNamed ionic@1.3.16
56 silly addNamed semver.valid 1.3.16
57 silly addNamed semver.validRange 1.3.16
58 silly mapToRegistry name ionic
59 silly mapToRegistry using default registry
60 silly mapToRegistry registry https://registry.npmjs.org/
61 silly mapToRegistry uri https://registry.npmjs.org/ionic
62 verbose addRemoteTarball https://registry.npmjs.org/ionic/-/ionic-1.3.16.tgz not in flight; adding
63 verbose addRemoteTarball [ 'https://registry.npmjs.org/ionic/-/ionic-1.3.16.tgz',
63 verbose addRemoteTarball   '205ee120355ed4c25c40afe2e60338ee110f9a0d' ]
64 info retry fetch attempt 1 at 9:26:16 PM
65 info attempt registry request try #1 at 9:26:16 PM
66 http fetch GET https://registry.npmjs.org/ionic/-/ionic-1.3.16.tgz
67 http fetch 200 https://registry.npmjs.org/ionic/-/ionic-1.3.16.tgz
68 silly fetchAndShaCheck shasum 205ee120355ed4c25c40afe2e60338ee110f9a0d
69 verbose addTmpTarball /var/folders/kw/_943ngp54kb1dr71yj9dsjy00000gn/T/npm-4141-45e2ddac/registry.npmjs.org/ionic/-/ionic-1.3.16.tgz not in flight; adding
70 verbose addTmpTarball already have metadata; skipping unpack for ionic@1.3.16
71 silly cache afterAdd ionic@1.3.16
72 verbose afterAdd /Users/Juliano/.npm/ionic/1.3.16/package/package.json not in flight; writing
73 verbose afterAdd /Users/Juliano/.npm/ionic/1.3.16/package/package.json written
74 silly install resolved [ { name: 'update',
74 silly install resolved     description: 'Update the year in all files in a project using glob patterns.',
74 silly install resolved     version: '0.3.6',
74 silly install resolved     homepage: 'https://github.com/jonschlinkert/update',
74 silly install resolved     author:
74 silly install resolved      { name: 'Jon Schlinkert',
74 silly install resolved        url: 'https://github.com/jonschlinkert' },
74 silly install resolved     repository: { type: 'git', url: 'https://github.com/jonschlinkert/update' },
74 silly install resolved     bugs: { url: 'https://github.com/jonschlinkert/update/issues' },
74 silly install resolved     license: 'MIT',
74 silly install resolved     files: [ 'cli.js', 'lib/', 'templates/', 'verbfile.js', 'plugins/' ],
74 silly install resolved     main: 'index.js',
74 silly install resolved     preferGlobal: true,
74 silly install resolved     bin: { update: './cli.js' },
74 silly install resolved     engines: { node: '>=0.10.0' },
74 silly install resolved     scripts: { test: 'mocha' },
74 silly install resolved     dependencies:
74 silly install resolved      { 'arr-diff': '^1.0.1',
74 silly install resolved        'array-intersection': '^0.1.1',
74 silly install resolved        'array-unique': '^0.1.1',
74 silly install resolved        chalk: '^1.0.0',
74 silly install resolved        del: '^1.1.1',
74 silly install resolved        'export-files': '^1.1.0',
74 silly install resolved        glob: '^4.4.1',
74 silly install resolved        'gray-matter': '^1.2.5',
74 silly install resolved        'gulp-util': '^3.0.4',
74 silly install resolved        'has-banner': '^0.2.0',
74 silly install resolved        'kind-of': '^1.1.0',
74 silly install resolved        'log-symbols': '^1.0.2',
74 silly install resolved        'merge-deep': '^1.0.1',
74 silly install resolved        micromatch: '^1.4.2',
74 silly install resolved        'parse-copyright': '^0.4.0',
74 silly install resolved        'requires-regex': '^0.2.0',
74 silly install resolved        'sort-object': '^1.0.0',
74 silly install resolved        through2: '^0.6.3',
74 silly install resolved        'update-banner': '^0.1.1',
74 silly install resolved        'update-license': '^0.3.0',
74 silly install resolved        'update-package': '^0.2.0',
74 silly install resolved        verb: '^0.6.1' },
74 silly install resolved     keywords: [ 'javascript', 'keys', 'object', 'sort' ],
74 silly install resolved     gitHead: '20af38473d5630c5b725a34f041df0aabf050935',
74 silly install resolved     _id: 'update@0.3.6',
74 silly install resolved     _shasum: '11bcae2d5fe3413a5dd0910f424d6310e50c99e8',
74 silly install resolved     _from: 'update@*',
74 silly install resolved     _npmVersion: '2.5.1',
74 silly install resolved     _nodeVersion: '0.12.0',
74 silly install resolved     _npmUser: { name: 'jonschlinkert', email: 'github@sellside.com' },
74 silly install resolved     maintainers: [ [Object] ],
74 silly install resolved     dist:
74 silly install resolved      { shasum: '11bcae2d5fe3413a5dd0910f424d6310e50c99e8',
74 silly install resolved        tarball: 'http://registry.npmjs.org/update/-/update-0.3.6.tgz' },
74 silly install resolved     directories: {},
74 silly install resolved     _resolved: 'https://registry.npmjs.org/update/-/update-0.3.6.tgz',
74 silly install resolved     readme: 'ERROR: No README data found!' },
74 silly install resolved   { name: 'ionic',
74 silly install resolved     version: '1.3.16',
74 silly install resolved     preferGlobal: true,
74 silly install resolved     description: 'A tool for creating and developing Ionic Framework mobile apps.',
74 silly install resolved     homepage: 'http://ionicframework.com/',
74 silly install resolved     bin: { ionic: 'bin/ionic' },
74 silly install resolved     scripts:
74 silly install resolved      { bump: 'node lib/tasks/bumpversion',
74 silly install resolved        'beta-bump': 'node lib/tasks/bumpversion --level pre --identifier beta',
74 silly install resolved        'publish-release': 'node lib/tasks/bumpversion --npmPublish',
74 silly install resolved        'publish-tag': 'node lib/tasks/bumpversion --level beta --npmPublishTag',
74 silly install resolved        'full-release': 'node lib/tasks/bumpversion --npmInstall --git --npmPublish' },
74 silly install resolved     keywords:
74 silly install resolved      [ 'ionic',
74 silly install resolved        'ionic framework',
74 silly install resolved        'ionicframework',
74 silly install resolved        'mobile',
74 silly install resolved        'app',
74 silly install resolved        'hybrid',
74 silly install resolved        'cordova',
74 silly install resolved        'phonegap' ],
74 silly install resolved     repository:
74 silly install resolved      { type: 'git',
74 silly install resolved        url: 'https://github.com/driftyco/ionic-cli.git' },
74 silly install resolved     contributors: [ [Object], [Object], [Object], [Object] ],
74 silly install resolved     license: 'MIT',
74 silly install resolved     dependencies:
74 silly install resolved      { archiver: '0.5.1',
74 silly install resolved        async: '^0.9.0',
74 silly install resolved        colors: '0.6.2',
74 silly install resolved        connect: '3.1.1',
74 silly install resolved        'connect-livereload': '0.5.2',
74 silly install resolved        crc: '3.2.1',
74 silly install resolved        'cross-spawn': '0.2.3',
74 silly install resolved        'event-stream': '3.0.x',
74 silly install resolved        finalhandler: '0.2.0',
74 silly install resolved        'form-data': '0.1.4',
74 silly install resolved        gulp: '3.8.8',
74 silly install resolved        ncp: '0.4.2',
74 silly install resolved        npm: '2.1.3',
74 silly install resolved        'opbeat-ionic': '^1.1.3',
74 silly install resolved        open: 'https://registry.npmjs.org/open/-/open-0.0.5.tgz',
74 silly install resolved        optimist: '0.6.0',
74 silly install resolved        progress: '1.1.7',
74 silly install resolved        prompt: '0.2.12',
74 silly install resolved        'proxy-middleware': '^0.7.0',
74 silly install resolved        q: '1.0.1',
74 silly install resolved        request: '2.51.0',
74 silly install resolved        semver: '^4.2.0',
74 silly install resolved        'serve-static': '1.7.1',
74 silly install resolved        shelljs: '0.2.6',
74 silly install resolved        'tiny-lr-fork': '0.0.5',
74 silly install resolved        underscore: '~1.7.0',
74 silly install resolved        unzip: '0.1.9',
74 silly install resolved        'vinyl-fs': '0.3.7',
74 silly install resolved        xml2js: '0.4.4' },
74 silly install resolved     gitHead: 'cdb90de9bdd3b3f68cde2cbee7a6dde16e7bdd6f',
74 silly install resolved     bugs: { url: 'https://github.com/driftyco/ionic-cli/issues' },
74 silly install resolved     _id: 'ionic@1.3.16',
74 silly install resolved     _shasum: '205ee120355ed4c25c40afe2e60338ee110f9a0d',
74 silly install resolved     _from: 'ionic@*',
74 silly install resolved     _npmVersion: '1.4.28',
74 silly install resolved     _npmUser: { name: 'drifty', email: 'max@drifty.com' },
74 silly install resolved     maintainers: [ [Object], [Object], [Object] ],
74 silly install resolved     dist:
74 silly install resolved      { shasum: '205ee120355ed4c25c40afe2e60338ee110f9a0d',
74 silly install resolved        tarball: 'http://registry.npmjs.org/ionic/-/ionic-1.3.16.tgz' },
74 silly install resolved     directories: {},
74 silly install resolved     _resolved: 'https://registry.npmjs.org/ionic/-/ionic-1.3.16.tgz' } ]
75 info install update@0.3.6 into /usr/local/lib
76 info install ionic@1.3.16 into /usr/local/lib
77 info installOne update@0.3.6
78 verbose installOne of update to /usr/local/lib not in flight; installing
79 info installOne ionic@1.3.16
80 verbose installOne of ionic to /usr/local/lib not in flight; installing
81 warn locking Error: EACCES, open '/Users/Juliano/.npm/_locks/ionic-61c0cd50dc7a1457.lock'
81 warn locking     at Error (native)
81 warn locking  /Users/Juliano/.npm/_locks/ionic-61c0cd50dc7a1457.lock failed { [Error: EACCES, open '/Users/Juliano/.npm/_locks/ionic-61c0cd50dc7a1457.lock']
81 warn locking   errno: -13,
81 warn locking   code: 'EACCES',
81 warn locking   path: '/Users/Juliano/.npm/_locks/ionic-61c0cd50dc7a1457.lock' }
82 verbose stack Error: Attempt to unlock /usr/local/lib/node_modules/ionic, which hasn't been locked
82 verbose stack     at unlock (/usr/local/lib/node_modules/npm/lib/utils/locker.js:66:11)
82 verbose stack     at cb (/usr/local/lib/node_modules/npm/lib/install.js:929:5)
82 verbose stack     at /usr/local/lib/node_modules/npm/lib/install.js:933:20
82 verbose stack     at /usr/local/lib/node_modules/npm/lib/utils/locker.js:40:9
82 verbose stack     at cb (/usr/local/lib/node_modules/npm/node_modules/lockfile/lockfile.js:149:38)
82 verbose stack     at /usr/local/lib/node_modules/npm/node_modules/lockfile/lockfile.js:177:38
82 verbose stack     at FSReqWrap.oncomplete (fs.js:99:15)
83 verbose cwd /Applications/XAMPP/xamppfiles/htdocs/HelloJuliano
84 error Darwin 14.1.0
85 error argv "node" "/usr/local/bin/npm" "install" "-g" "ionic" "update"
86 error node v0.12.0
87 error npm  v2.5.1
88 error Attempt to unlock /usr/local/lib/node_modules/ionic, which hasn't been locked
89 error If you need help, you may report this error at:
89 error     <http://github.com/npm/npm/issues>
90 verbose exit [ 1, true ]
